<?xml version="1.0" encoding="utf-8"?><testsuites name="pytest tests"><testsuite name="pytest" errors="0" failures="0" skipped="0" tests="19" time="15.291" timestamp="2026-09-16T20:48:10.047856+00:00" hostname="agent-env-fd746400-bf1c-4647-b752-12d31fb34923"><testcase classname="tests.backend_test.TestAdminAuthz" name="test_normal_user_forbidden" time="4.454" /><testcase classname="tests.backend_test.TestAuth" name="test_register_duplicate_returns_409" time="5.944" /><testcase classname="tests.backend_test.TestMisc" name="test_no_store_header" time="6.373" /><testcase classname="tests.backend_test.TestAdminAuthz" name="test_admin_lists_users" time="1.941" /><testcase classname="tests.backend_test.TestStakingFlow" name="test_admin_credit_balance_reflects_in_state" time="6.627" /><testcase classname="tests.backend_test.TestRealTimeEnforcement" name="test_withdrawals_disabled_blocks_only_withdraw" time="7.351" /><testcase classname="tests.backend_test.TestAuth" name="test_login_with_phrase" time="0.445" /><testcase classname="tests.backend_test.TestAuth" name="test_login_wrong_phrase_401" time="0.582" /><testcase classname="tests.backend_test.TestMisc" name="test_vaults_public" time="0.223" /><testcase classname="tests.backend_test.TestAudit" name="test_audit_records_admin_actions" time="6.617" /><testcase classname="tests.backend_test.TestWithdrawFlow" name="test_withdraw_pending_and_approve" time="7.318" /><testcase classname="tests.backend_test.TestDepositFlow" name="test_deposit_claim_and_admin_confirm" time="7.699" /><testcase classname="tests.backend_test.TestStakingFlow" name="test_stake_min_amount_error" time="0.347" /><testcase classname="tests.backend_test.TestAuth" name="test_state_requires_token" time="0.190" /><testcase classname="tests.backend_test.TestStakingFlow" name="test_stake_insufficient_balance" time="0.153" /><testcase classname="tests.backend_test.TestStakingFlow" name="test_stake_success_and_live_accrual" time="3.774" /><testcase classname="tests.backend_test.TestAuth" name="test_state_with_token" time="0.136" /><testcase classname="tests.backend_test.TestWithdrawFlow" name="test_withdraw_reject_refunds" time="0.599" /><testcase classname="tests.backend_test.TestRealTimeEnforcement" name="test_lock_blocks_stake_deposit_withdraw" time="0.727" /></testsuite></testsuites>