<?xml version="1.0" encoding="utf-8"?><testsuites name="pytest tests"><testsuite name="pytest" errors="0" failures="0" skipped="0" tests="25" time="12.698" timestamp="2026-09-16T21:41:32.369970+00:00" hostname="agent-env-fd746400-bf1c-4647-b752-12d31fb34923"><testcase classname="tests.backend_test.TestReinvest" name="test_reinvest_no_profit_returns_400" time="1.168" /><testcase classname="tests.backend_test.TestAuth" name="test_register_duplicate_returns_409" time="1.552" /><testcase classname="tests.backend_test.TestReinvest" name="test_reinvest_below_min_returns_400" time="2.803" /><testcase classname="tests.backend_test.TestAuth" name="test_login_with_phrase" time="0.344" /><testcase classname="tests.backend_test.TestAuth" name="test_login_wrong_phrase_401" time="0.515" /><testcase classname="tests.backend_test.TestAuth" name="test_state_requires_token" time="0.167" /><testcase classname="tests.backend_test.TestAuth" name="test_state_with_token" time="0.123" /><testcase classname="tests.backend_test.TestStakingFlow" name="test_admin_credit_balance_reflects_in_state" time="0.733" /><testcase classname="tests.backend_test.TestStakingFlow" name="test_stake_min_amount_error" time="0.146" /><testcase classname="tests.backend_test.TestStakingFlow" name="test_stake_insufficient_balance" time="0.144" /><testcase classname="tests.backend_test.TestStakingFlow" name="test_stake_success_and_live_accrual" time="3.961" /><testcase classname="tests.backend_test.TestReinvest" name="test_reinvest_success_and_state_reset" time="1.081" /><testcase classname="tests.backend_test.TestReinvest" name="test_reinvest_combines_bonus_and_accrued" time="3.359" /><testcase classname="tests.backend_test.TestAdminAuthz" name="test_normal_user_forbidden" time="0.144" /><testcase classname="tests.backend_test.TestAdminAuthz" name="test_admin_lists_users" time="0.136" /><testcase classname="tests.backend_test.TestWithdrawFlow" name="test_withdraw_pending_and_approve" time="0.794" /><testcase classname="tests.backend_test.TestReinvest" name="test_reinvest_locked_user_403" time="1.004" /><testcase classname="tests.backend_test.TestWithdrawFlow" name="test_withdraw_reject_refunds" time="0.704" /><testcase classname="tests.backend_test.TestReinvest" name="test_reinvest_unknown_vault_404" time="0.740" /><testcase classname="tests.backend_test.TestRealTimeEnforcement" name="test_withdrawals_disabled_blocks_only_withdraw" time="1.085" /><testcase classname="tests.backend_test.TestRealTimeEnforcement" name="test_lock_blocks_stake_deposit_withdraw" time="0.828" /><testcase classname="tests.backend_test.TestMisc" name="test_no_store_header" time="1.183" /><testcase classname="tests.backend_test.TestMisc" name="test_vaults_public" time="0.136" /><testcase classname="tests.backend_test.TestDepositFlow" name="test_deposit_claim_and_admin_confirm" time="0.783" /><testcase classname="tests.backend_test.TestAudit" name="test_audit_records_admin_actions" time="0.185" /></testsuite></testsuites>